<?xml version="1.0" encoding="UTF-8"?>
<testng-results ignored="0" total="5" passed="5" failed="0" skipped="0">
  <reporter-output>
  </reporter-output>
  <suite started-at="2024-08-21T09:13:47 IST" name="Suite" finished-at="2024-08-21T09:13:49 IST" duration-ms="2178">
    <groups>
      <group name="cucumber">
        <method signature="AbstractTestNGCucumberTests.runScenario(io.cucumber.testng.PickleWrapper,io.cucumber.testng.FeatureWrapper)[pri:0, instance:RunnerClassJune.RunnerWithTestNg$TestRunnerWithTestNg@5b247367]" name="runScenario" class="io.cucumber.testng.AbstractTestNGCucumberTests"/>
      </group> <!-- cucumber -->
    </groups>
    <test started-at="2024-08-21T09:13:47 IST" name="Test" finished-at="2024-08-21T09:13:49 IST" duration-ms="2178">
      <class name="RunnerClassJune.RunnerWithTestNg$TestRunnerWithTestNg">
        <test-method is-config="true" signature="setUpClass(org.testng.ITestContext)[pri:0, instance:RunnerClassJune.RunnerWithTestNg$TestRunnerWithTestNg@5b247367]" started-at="2024-08-21T09:13:47 IST" name="setUpClass" finished-at="2024-08-21T09:13:49 IST" duration-ms="1382" status="PASS">
          <params>
            <param index="0">
              <value>
                <![CDATA[org.testng.TestRunner@6eafb10e]]>
              </value>
            </param>
          </params>
          <reporter-output>
          </reporter-output>
        </test-method> <!-- setUpClass -->
        <test-method signature="runScenario(io.cucumber.testng.PickleWrapper,io.cucumber.testng.FeatureWrapper)[pri:0, instance:RunnerClassJune.RunnerWithTestNg$TestRunnerWithTestNg@5b247367]" started-at="2024-08-21T09:13:49 IST" name="runScenario" description="Runs Cucumber Scenarios" data-provider="scenarios" finished-at="2024-08-21T09:13:49 IST" duration-ms="147" status="PASS">
          <params>
            <param index="0">
              <value>
                <![CDATA["User login with invalid credentials"]]>
              </value>
            </param>
            <param index="1">
              <value>
                <![CDATA["Free CRM Test"]]>
              </value>
            </param>
          </params>
          <reporter-output>
          </reporter-output>
        </test-method> <!-- runScenario -->
        <test-method signature="runScenario(io.cucumber.testng.PickleWrapper,io.cucumber.testng.FeatureWrapper)[pri:0, instance:RunnerClassJune.RunnerWithTestNg$TestRunnerWithTestNg@5b247367]" started-at="2024-08-21T09:13:49 IST" name="runScenario" description="Runs Cucumber Scenarios" data-provider="scenarios" finished-at="2024-08-21T09:13:49 IST" duration-ms="110" status="PASS">
          <params>
            <param index="0">
              <value>
                <![CDATA["User create Deals Test"]]>
              </value>
            </param>
            <param index="1">
              <value>
                <![CDATA["Free CRM Test"]]>
              </value>
            </param>
          </params>
          <reporter-output>
          </reporter-output>
        </test-method> <!-- runScenario -->
        <test-method signature="runScenario(io.cucumber.testng.PickleWrapper,io.cucumber.testng.FeatureWrapper)[pri:0, instance:RunnerClassJune.RunnerWithTestNg$TestRunnerWithTestNg@5b247367]" started-at="2024-08-21T09:13:49 IST" name="runScenario" description="Runs Cucumber Scenarios" data-provider="scenarios" finished-at="2024-08-21T09:13:49 IST" duration-ms="88" status="PASS">
          <params>
            <param index="0">
              <value>
                <![CDATA["User create Case Test"]]>
              </value>
            </param>
            <param index="1">
              <value>
                <![CDATA["Free CRM Test"]]>
              </value>
            </param>
          </params>
          <reporter-output>
          </reporter-output>
        </test-method> <!-- runScenario -->
        <test-method signature="runScenario(io.cucumber.testng.PickleWrapper,io.cucumber.testng.FeatureWrapper)[pri:0, instance:RunnerClassJune.RunnerWithTestNg$TestRunnerWithTestNg@5b247367]" started-at="2024-08-21T09:13:49 IST" name="runScenario" description="Runs Cucumber Scenarios" data-provider="scenarios" finished-at="2024-08-21T09:13:49 IST" duration-ms="48" status="PASS">
          <params>
            <param index="0">
              <value>
                <![CDATA["User create Document Test"]]>
              </value>
            </param>
            <param index="1">
              <value>
                <![CDATA["Free CRM Test"]]>
              </value>
            </param>
          </params>
          <reporter-output>
          </reporter-output>
        </test-method> <!-- runScenario -->
        <test-method signature="runScenario(io.cucumber.testng.PickleWrapper,io.cucumber.testng.FeatureWrapper)[pri:0, instance:RunnerClassJune.RunnerWithTestNg$TestRunnerWithTestNg@5b247367]" started-at="2024-08-21T09:13:49 IST" name="runScenario" description="Runs Cucumber Scenarios" data-provider="scenarios" finished-at="2024-08-21T09:13:49 IST" duration-ms="20" status="PASS">
          <params>
            <param index="0">
              <value>
                <![CDATA["User create Companies Test"]]>
              </value>
            </param>
            <param index="1">
              <value>
                <![CDATA["Free CRM Test"]]>
              </value>
            </param>
          </params>
          <reporter-output>
          </reporter-output>
        </test-method> <!-- runScenario -->
        <test-method is-config="true" signature="tearDownClass()[pri:0, instance:RunnerClassJune.RunnerWithTestNg$TestRunnerWithTestNg@5b247367]" started-at="2024-08-21T09:13:49 IST" name="tearDownClass" finished-at="2024-08-21T09:13:49 IST" duration-ms="211" status="PASS">
          <reporter-output>
          </reporter-output>
        </test-method> <!-- tearDownClass -->
      </class> <!-- RunnerClassJune.RunnerWithTestNg$TestRunnerWithTestNg -->
    </test> <!-- Test -->
  </suite> <!-- Suite -->
</testng-results>
